<?xml version="1.0" encoding="UTF-8"?>
<!-- Generated by org.testng.reporters.JUnitXMLReporter -->
<testsuite ignored="1" hostname="DESKTOP-1SEHPDT" failures="0" tests="2" name="Test" time="18.147" errors="0" timestamp="2026-03-24T10:42:27 IST">
  <testcase classname="testCases.TC001_AccountRegistrationTest" name="verify_account_registration" time="4.132"/>
  <testcase classname="testCases.TC002_LoginTest" name="verify_login" time="2.0"/>
  <testcase classname="testCases.TC002_LoginDDT" name="verify_loginDDT" time="0.0">
    <ignored/>
  </testcase> <!-- verify_loginDDT -->
</testsuite> <!-- Test -->
