<?xml version="1.0" encoding="UTF-8"?>
<!-- Generated by org.testng.reporters.JUnitXMLReporter -->
<testsuite ignored="0" hostname="DESKTOP-1SEHPDT" failures="0" tests="0" name="Test" time="3.31" errors="0" timestamp="2026-05-14T20:23:01 IST">
  <testcase classname="testBase.BaseClass" name="@AfterClass tearDown" time="0.002">
    <failure type="java.lang.NullPointerException" message="Cannot invoke &amp;quot;org.openqa.selenium.WebDriver.quit()&amp;quot; because &amp;quot;testBase.BaseClass.driver&amp;quot; is null">
      <![CDATA[java.lang.NullPointerException: Cannot invoke "org.openqa.selenium.WebDriver.quit()" because "testBase.BaseClass.driver" is null
at testBase.BaseClass.tearDown(BaseClass.java:97)
at java.base/java.util.ArrayList.forEach(ArrayList.java:1511)
... Removed 26 stack frames]]>
    </failure>
  </testcase> <!-- @AfterClass tearDown -->
</testsuite> <!-- Test -->
